{"C:\\Users\\tomas\\OneDrive\\Escritorio\\Universidad\\ing, software 2\\backend\\src\\app.ts": {"path":"C:\\Users\\tomas\\OneDrive\\Escritorio\\Universidad\\ing, software 2\\backend\\src\\app.ts","statementMap":{"0":{"start":{"line":8,"column":0},"end":{"line":8,"column":null}},"1":{"start":{"line":10,"column":13},"end":{"line":10,"column":null}},"2":{"start":{"line":11,"column":13},"end":{"line":11,"column":null}},"3":{"start":{"line":13,"column":0},"end":{"line":13,"column":null}},"4":{"start":{"line":14,"column":0},"end":{"line":14,"column":null}},"5":{"start":{"line":16,"column":0},"end":{"line":18,"column":null}},"6":{"start":{"line":17,"column":4},"end":{"line":17,"column":null}},"7":{"start":{"line":20,"column":0},"end":{"line":20,"column":null}},"8":{"start":{"line":21,"column":0},"end":{"line":21,"column":null}},"9":{"start":{"line":22,"column":0},"end":{"line":22,"column":null}},"10":{"start":{"line":24,"column":0},"end":{"line":28,"column":null}},"11":{"start":{"line":25,"column":4},"end":{"line":27,"column":null}},"12":{"start":{"line":26,"column":8},"end":{"line":26,"column":null}}},"fnMap":{"0":{"name":"(anonymous_0)","decl":{"start":{"line":16,"column":13},"end":{"line":16,"column":14}},"loc":{"start":{"line":16,"column":27},"end":{"line":18,"column":1}},"line":16},"1":{"name":"(anonymous_1)","decl":{"start":{"line":25,"column":21},"end":{"line":25,"column":27}},"loc":{"start":{"line":25,"column":27},"end":{"line":27,"column":5}},"line":25}},"branchMap":{"0":{"loc":{"start":{"line":11,"column":13},"end":{"line":11,"column":null}},"type":"binary-expr","locations":[{"start":{"line":11,"column":13},"end":{"line":11,"column":33}},{"start":{"line":11,"column":33},"end":{"line":11,"column":null}}],"line":11},"1":{"loc":{"start":{"line":24,"column":0},"end":{"line":28,"column":null}},"type":"if","locations":[{"start":{"line":24,"column":0},"end":{"line":28,"column":null}},{"start":{},"end":{}}],"line":24}},"s":{"0":3,"1":3,"2":3,"3":3,"4":3,"5":3,"6":0,"7":3,"8":3,"9":3,"10":3,"11":0,"12":0},"f":{"0":0,"1":0},"b":{"0":[3,0],"1":[0,3]},"meta":{"lastBranch":2,"lastFunction":2,"lastStatement":13,"seen":{"s:8:0:8:Infinity":0,"s:10:13:10:Infinity":1,"s:11:13:11:Infinity":2,"b:11:13:11:33:11:33:11:Infinity":0,"s:13:0:13:Infinity":3,"s:14:0:14:Infinity":4,"s:16:0:18:Infinity":5,"f:16:13:16:14":0,"s:17:4:17:Infinity":6,"s:20:0:20:Infinity":7,"s:21:0:21:Infinity":8,"s:22:0:22:Infinity":9,"b:24:0:28:Infinity:undefined:undefined:undefined:undefined":1,"s:24:0:28:Infinity":10,"s:25:4:27:Infinity":11,"f:25:21:25:27":1,"s:26:8:26:Infinity":12}}}
,"C:\\Users\\tomas\\OneDrive\\Escritorio\\Universidad\\ing, software 2\\backend\\src\\controllers\\authController.ts": {"path":"C:\\Users\\tomas\\OneDrive\\Escritorio\\Universidad\\ing, software 2\\backend\\src\\controllers\\authController.ts","statementMap":{"0":{"start":{"line":4,"column":24},"end":{"line":24,"column":null}},"1":{"start":{"line":5,"column":49},"end":{"line":5,"column":null}},"2":{"start":{"line":7,"column":4},"end":{"line":23,"column":null}},"3":{"start":{"line":8,"column":32},"end":{"line":17,"column":null}},"4":{"start":{"line":19,"column":8},"end":{"line":19,"column":null}},"5":{"start":{"line":19,"column":19},"end":{"line":19,"column":null}},"6":{"start":{"line":20,"column":8},"end":{"line":20,"column":null}},"7":{"start":{"line":22,"column":8},"end":{"line":22,"column":null}},"8":{"start":{"line":26,"column":21},"end":{"line":40,"column":null}},"9":{"start":{"line":27,"column":32},"end":{"line":27,"column":null}},"10":{"start":{"line":29,"column":4},"end":{"line":39,"column":null}},"11":{"start":{"line":30,"column":32},"end":{"line":33,"column":null}},"12":{"start":{"line":35,"column":8},"end":{"line":35,"column":null}},"13":{"start":{"line":35,"column":19},"end":{"line":35,"column":null}},"14":{"start":{"line":36,"column":8},"end":{"line":36,"column":null}},"15":{"start":{"line":38,"column":8},"end":{"line":38,"column":null}},"16":{"start":{"line":42,"column":26},"end":{"line":55,"column":null}},"17":{"start":{"line":43,"column":4},"end":{"line":54,"column":null}},"18":{"start":{"line":44,"column":32},"end":{"line":48,"column":null}},"19":{"start":{"line":50,"column":8},"end":{"line":50,"column":null}},"20":{"start":{"line":50,"column":19},"end":{"line":50,"column":null}},"21":{"start":{"line":51,"column":8},"end":{"line":51,"column":null}},"22":{"start":{"line":53,"column":8},"end":{"line":53,"column":null}}},"fnMap":{"0":{"name":"(anonymous_0)","decl":{"start":{"line":4,"column":24},"end":{"line":4,"column":31}},"loc":{"start":{"line":4,"column":63},"end":{"line":24,"column":null}},"line":4},"1":{"name":"(anonymous_1)","decl":{"start":{"line":26,"column":21},"end":{"line":26,"column":28}},"loc":{"start":{"line":26,"column":60},"end":{"line":40,"column":null}},"line":26},"2":{"name":"(anonymous_2)","decl":{"start":{"line":42,"column":26},"end":{"line":42,"column":33}},"loc":{"start":{"line":42,"column":61},"end":{"line":55,"column":null}},"line":42}},"branchMap":{"0":{"loc":{"start":{"line":14,"column":26},"end":{"line":14,"column":null}},"type":"binary-expr","locations":[{"start":{"line":14,"column":26},"end":{"line":14,"column":34}},{"start":{"line":14,"column":34},"end":{"line":14,"column":null}}],"line":14},"1":{"loc":{"start":{"line":19,"column":8},"end":{"line":19,"column":null}},"type":"if","locations":[{"start":{"line":19,"column":8},"end":{"line":19,"column":null}},{"start":{},"end":{}}],"line":19},"2":{"loc":{"start":{"line":35,"column":8},"end":{"line":35,"column":null}},"type":"if","locations":[{"start":{"line":35,"column":8},"end":{"line":35,"column":null}},{"start":{},"end":{}}],"line":35},"3":{"loc":{"start":{"line":50,"column":8},"end":{"line":50,"column":null}},"type":"if","locations":[{"start":{"line":50,"column":8},"end":{"line":50,"column":null}},{"start":{},"end":{}}],"line":50}},"s":{"0":3,"1":1,"2":1,"3":1,"4":1,"5":1,"6":0,"7":1,"8":3,"9":1,"10":1,"11":1,"12":1,"13":1,"14":0,"15":1,"16":3,"17":0,"18":0,"19":0,"20":0,"21":0,"22":0},"f":{"0":1,"1":1,"2":0},"b":{"0":[1,0],"1":[1,0],"2":[1,0],"3":[0,0]},"meta":{"lastBranch":4,"lastFunction":3,"lastStatement":23,"seen":{"s:4:24:24:Infinity":0,"f:4:24:4:31":0,"s:5:49:5:Infinity":1,"s:7:4:23:Infinity":2,"s:8:32:17:Infinity":3,"b:14:26:14:34:14:34:14:Infinity":0,"b:19:8:19:Infinity:undefined:undefined:undefined:undefined":1,"s:19:8:19:Infinity":4,"s:19:19:19:Infinity":5,"s:20:8:20:Infinity":6,"s:22:8:22:Infinity":7,"s:26:21:40:Infinity":8,"f:26:21:26:28":1,"s:27:32:27:Infinity":9,"s:29:4:39:Infinity":10,"s:30:32:33:Infinity":11,"b:35:8:35:Infinity:undefined:undefined:undefined:undefined":2,"s:35:8:35:Infinity":12,"s:35:19:35:Infinity":13,"s:36:8:36:Infinity":14,"s:38:8:38:Infinity":15,"s:42:26:55:Infinity":16,"f:42:26:42:33":2,"s:43:4:54:Infinity":17,"s:44:32:48:Infinity":18,"b:50:8:50:Infinity:undefined:undefined:undefined:undefined":3,"s:50:8:50:Infinity":19,"s:50:19:50:Infinity":20,"s:51:8:51:Infinity":21,"s:53:8:53:Infinity":22}}}
,"C:\\Users\\tomas\\OneDrive\\Escritorio\\Universidad\\ing, software 2\\backend\\src\\controllers\\reservationController.ts": {"path":"C:\\Users\\tomas\\OneDrive\\Escritorio\\Universidad\\ing, software 2\\backend\\src\\controllers\\reservationController.ts","statementMap":{"0":{"start":{"line":4,"column":31},"end":{"line":16,"column":null}},"1":{"start":{"line":5,"column":4},"end":{"line":15,"column":null}},"2":{"start":{"line":6,"column":32},"end":{"line":9,"column":null}},"3":{"start":{"line":11,"column":8},"end":{"line":11,"column":null}},"4":{"start":{"line":11,"column":19},"end":{"line":11,"column":null}},"5":{"start":{"line":12,"column":8},"end":{"line":12,"column":null}},"6":{"start":{"line":14,"column":8},"end":{"line":14,"column":null}},"7":{"start":{"line":18,"column":33},"end":{"line":67,"column":null}},"8":{"start":{"line":19,"column":45},"end":{"line":19,"column":null}},"9":{"start":{"line":21,"column":4},"end":{"line":66,"column":null}},"10":{"start":{"line":23,"column":55},"end":{"line":29,"column":null}},"11":{"start":{"line":31,"column":8},"end":{"line":31,"column":null}},"12":{"start":{"line":31,"column":26},"end":{"line":31,"column":null}},"13":{"start":{"line":32,"column":8},"end":{"line":34,"column":null}},"14":{"start":{"line":33,"column":12},"end":{"line":33,"column":null}},"15":{"start":{"line":37,"column":49},"end":{"line":41,"column":null}},"16":{"start":{"line":43,"column":8},"end":{"line":43,"column":null}},"17":{"start":{"line":43,"column":32},"end":{"line":43,"column":null}},"18":{"start":{"line":45,"column":14},"end":{"line":45,"column":null}},"19":{"start":{"line":46,"column":28},"end":{"line":46,"column":null}},"20":{"start":{"line":49,"column":32},"end":{"line":60,"column":null}},"21":{"start":{"line":62,"column":8},"end":{"line":62,"column":null}},"22":{"start":{"line":62,"column":19},"end":{"line":62,"column":null}},"23":{"start":{"line":63,"column":8},"end":{"line":63,"column":null}},"24":{"start":{"line":65,"column":8},"end":{"line":65,"column":null}},"25":{"start":{"line":69,"column":33},"end":{"line":86,"column":null}},"26":{"start":{"line":70,"column":19},"end":{"line":70,"column":null}},"27":{"start":{"line":72,"column":4},"end":{"line":85,"column":null}},"28":{"start":{"line":73,"column":32},"end":{"line":79,"column":null}},"29":{"start":{"line":81,"column":8},"end":{"line":81,"column":null}},"30":{"start":{"line":81,"column":19},"end":{"line":81,"column":null}},"31":{"start":{"line":82,"column":8},"end":{"line":82,"column":null}},"32":{"start":{"line":84,"column":8},"end":{"line":84,"column":null}}},"fnMap":{"0":{"name":"(anonymous_0)","decl":{"start":{"line":4,"column":31},"end":{"line":4,"column":38}},"loc":{"start":{"line":4,"column":66},"end":{"line":16,"column":null}},"line":4},"1":{"name":"(anonymous_1)","decl":{"start":{"line":18,"column":33},"end":{"line":18,"column":40}},"loc":{"start":{"line":18,"column":68},"end":{"line":67,"column":null}},"line":18},"2":{"name":"(anonymous_2)","decl":{"start":{"line":69,"column":33},"end":{"line":69,"column":40}},"loc":{"start":{"line":69,"column":68},"end":{"line":86,"column":null}},"line":69}},"branchMap":{"0":{"loc":{"start":{"line":11,"column":8},"end":{"line":11,"column":null}},"type":"if","locations":[{"start":{"line":11,"column":8},"end":{"line":11,"column":null}},{"start":{},"end":{}}],"line":11},"1":{"loc":{"start":{"line":31,"column":8},"end":{"line":31,"column":null}},"type":"if","locations":[{"start":{"line":31,"column":8},"end":{"line":31,"column":null}},{"start":{},"end":{}}],"line":31},"2":{"loc":{"start":{"line":32,"column":8},"end":{"line":34,"column":null}},"type":"if","locations":[{"start":{"line":32,"column":8},"end":{"line":34,"column":null}},{"start":{},"end":{}}],"line":32},"3":{"loc":{"start":{"line":32,"column":12},"end":{"line":32,"column":43}},"type":"binary-expr","locations":[{"start":{"line":32,"column":12},"end":{"line":32,"column":23}},{"start":{"line":32,"column":23},"end":{"line":32,"column":43}}],"line":32},"4":{"loc":{"start":{"line":43,"column":8},"end":{"line":43,"column":null}},"type":"if","locations":[{"start":{"line":43,"column":8},"end":{"line":43,"column":null}},{"start":{},"end":{}}],"line":43},"5":{"loc":{"start":{"line":43,"column":12},"end":{"line":43,"column":32}},"type":"binary-expr","locations":[{"start":{"line":43,"column":12},"end":{"line":43,"column":25}},{"start":{"line":43,"column":25},"end":{"line":43,"column":32}}],"line":43},"6":{"loc":{"start":{"line":62,"column":8},"end":{"line":62,"column":null}},"type":"if","locations":[{"start":{"line":62,"column":8},"end":{"line":62,"column":null}},{"start":{},"end":{}}],"line":62},"7":{"loc":{"start":{"line":81,"column":8},"end":{"line":81,"column":null}},"type":"if","locations":[{"start":{"line":81,"column":8},"end":{"line":81,"column":null}},{"start":{},"end":{}}],"line":81}},"s":{"0":3,"1":1,"2":1,"3":1,"4":0,"5":1,"6":0,"7":3,"8":2,"9":2,"10":2,"11":2,"12":0,"13":2,"14":0,"15":2,"16":2,"17":0,"18":2,"19":2,"20":2,"21":2,"22":2,"23":0,"24":2,"25":3,"26":1,"27":1,"28":1,"29":1,"30":1,"31":0,"32":1},"f":{"0":1,"1":2,"2":1},"b":{"0":[0,1],"1":[0,2],"2":[0,2],"3":[2,2],"4":[0,2],"5":[2,2],"6":[2,0],"7":[1,0]},"meta":{"lastBranch":8,"lastFunction":3,"lastStatement":33,"seen":{"s:4:31:16:Infinity":0,"f:4:31:4:38":0,"s:5:4:15:Infinity":1,"s:6:32:9:Infinity":2,"b:11:8:11:Infinity:undefined:undefined:undefined:undefined":0,"s:11:8:11:Infinity":3,"s:11:19:11:Infinity":4,"s:12:8:12:Infinity":5,"s:14:8:14:Infinity":6,"s:18:33:67:Infinity":7,"f:18:33:18:40":1,"s:19:45:19:Infinity":8,"s:21:4:66:Infinity":9,"s:23:55:29:Infinity":10,"b:31:8:31:Infinity:undefined:undefined:undefined:undefined":1,"s:31:8:31:Infinity":11,"s:31:26:31:Infinity":12,"b:32:8:34:Infinity:undefined:undefined:undefined:undefined":2,"s:32:8:34:Infinity":13,"b:32:12:32:23:32:23:32:43":3,"s:33:12:33:Infinity":14,"s:37:49:41:Infinity":15,"b:43:8:43:Infinity:undefined:undefined:undefined:undefined":4,"s:43:8:43:Infinity":16,"b:43:12:43:25:43:25:43:32":5,"s:43:32:43:Infinity":17,"s:45:14:45:Infinity":18,"s:46:28:46:Infinity":19,"s:49:32:60:Infinity":20,"b:62:8:62:Infinity:undefined:undefined:undefined:undefined":6,"s:62:8:62:Infinity":21,"s:62:19:62:Infinity":22,"s:63:8:63:Infinity":23,"s:65:8:65:Infinity":24,"s:69:33:86:Infinity":25,"f:69:33:69:40":2,"s:70:19:70:Infinity":26,"s:72:4:85:Infinity":27,"s:73:32:79:Infinity":28,"b:81:8:81:Infinity:undefined:undefined:undefined:undefined":7,"s:81:8:81:Infinity":29,"s:81:19:81:Infinity":30,"s:82:8:82:Infinity":31,"s:84:8:84:Infinity":32}}}
,"C:\\Users\\tomas\\OneDrive\\Escritorio\\Universidad\\ing, software 2\\backend\\src\\controllers\\roomController.ts": {"path":"C:\\Users\\tomas\\OneDrive\\Escritorio\\Universidad\\ing, software 2\\backend\\src\\controllers\\roomController.ts","statementMap":{"0":{"start":{"line":4,"column":24},"end":{"line":18,"column":null}},"1":{"start":{"line":5,"column":4},"end":{"line":17,"column":null}},"2":{"start":{"line":6,"column":32},"end":{"line":11,"column":null}},"3":{"start":{"line":13,"column":8},"end":{"line":13,"column":null}},"4":{"start":{"line":13,"column":19},"end":{"line":13,"column":null}},"5":{"start":{"line":14,"column":8},"end":{"line":14,"column":null}},"6":{"start":{"line":16,"column":8},"end":{"line":16,"column":null}},"7":{"start":{"line":20,"column":27},"end":{"line":39,"column":null}},"8":{"start":{"line":21,"column":4},"end":{"line":38,"column":null}},"9":{"start":{"line":22,"column":23},"end":{"line":22,"column":null}},"10":{"start":{"line":23,"column":32},"end":{"line":30,"column":null}},"11":{"start":{"line":32,"column":8},"end":{"line":32,"column":null}},"12":{"start":{"line":32,"column":19},"end":{"line":32,"column":null}},"13":{"start":{"line":33,"column":8},"end":{"line":33,"column":null}},"14":{"start":{"line":33,"column":19},"end":{"line":33,"column":null}},"15":{"start":{"line":35,"column":8},"end":{"line":35,"column":null}},"16":{"start":{"line":37,"column":8},"end":{"line":37,"column":null}}},"fnMap":{"0":{"name":"(anonymous_0)","decl":{"start":{"line":4,"column":24},"end":{"line":4,"column":31}},"loc":{"start":{"line":4,"column":63},"end":{"line":18,"column":null}},"line":4},"1":{"name":"(anonymous_1)","decl":{"start":{"line":20,"column":27},"end":{"line":20,"column":34}},"loc":{"start":{"line":20,"column":66},"end":{"line":39,"column":null}},"line":20}},"branchMap":{"0":{"loc":{"start":{"line":13,"column":8},"end":{"line":13,"column":null}},"type":"if","locations":[{"start":{"line":13,"column":8},"end":{"line":13,"column":null}},{"start":{},"end":{}}],"line":13},"1":{"loc":{"start":{"line":32,"column":8},"end":{"line":32,"column":null}},"type":"if","locations":[{"start":{"line":32,"column":8},"end":{"line":32,"column":null}},{"start":{},"end":{}}],"line":32},"2":{"loc":{"start":{"line":33,"column":8},"end":{"line":33,"column":null}},"type":"if","locations":[{"start":{"line":33,"column":8},"end":{"line":33,"column":null}},{"start":{},"end":{}}],"line":33}},"s":{"0":3,"1":1,"2":1,"3":1,"4":0,"5":1,"6":0,"7":3,"8":1,"9":1,"10":1,"11":1,"12":1,"13":0,"14":0,"15":0,"16":1},"f":{"0":1,"1":1},"b":{"0":[0,1],"1":[1,0],"2":[0,0]},"meta":{"lastBranch":3,"lastFunction":2,"lastStatement":17,"seen":{"s:4:24:18:Infinity":0,"f:4:24:4:31":0,"s:5:4:17:Infinity":1,"s:6:32:11:Infinity":2,"b:13:8:13:Infinity:undefined:undefined:undefined:undefined":0,"s:13:8:13:Infinity":3,"s:13:19:13:Infinity":4,"s:14:8:14:Infinity":5,"s:16:8:16:Infinity":6,"s:20:27:39:Infinity":7,"f:20:27:20:34":1,"s:21:4:38:Infinity":8,"s:22:23:22:Infinity":9,"s:23:32:30:Infinity":10,"b:32:8:32:Infinity:undefined:undefined:undefined:undefined":1,"s:32:8:32:Infinity":11,"s:32:19:32:Infinity":12,"b:33:8:33:Infinity:undefined:undefined:undefined:undefined":2,"s:33:8:33:Infinity":13,"s:33:19:33:Infinity":14,"s:35:8:35:Infinity":15,"s:37:8:37:Infinity":16}}}
,"C:\\Users\\tomas\\OneDrive\\Escritorio\\Universidad\\ing, software 2\\backend\\src\\middlewares\\authMiddleware.ts": {"path":"C:\\Users\\tomas\\OneDrive\\Escritorio\\Universidad\\ing, software 2\\backend\\src\\middlewares\\authMiddleware.ts","statementMap":{"0":{"start":{"line":8,"column":28},"end":{"line":32,"column":null}},"1":{"start":{"line":9,"column":23},"end":{"line":9,"column":null}},"2":{"start":{"line":11,"column":4},"end":{"line":13,"column":null}},"3":{"start":{"line":12,"column":8},"end":{"line":12,"column":null}},"4":{"start":{"line":15,"column":18},"end":{"line":15,"column":null}},"5":{"start":{"line":16,"column":4},"end":{"line":18,"column":null}},"6":{"start":{"line":17,"column":8},"end":{"line":17,"column":null}},"7":{"start":{"line":20,"column":4},"end":{"line":31,"column":null}},"8":{"start":{"line":21,"column":42},"end":{"line":21,"column":null}},"9":{"start":{"line":23,"column":8},"end":{"line":25,"column":null}},"10":{"start":{"line":24,"column":12},"end":{"line":24,"column":null}},"11":{"start":{"line":27,"column":8},"end":{"line":27,"column":null}},"12":{"start":{"line":28,"column":8},"end":{"line":28,"column":null}},"13":{"start":{"line":30,"column":8},"end":{"line":30,"column":null}},"14":{"start":{"line":34,"column":25},"end":{"line":52,"column":null}},"15":{"start":{"line":35,"column":4},"end":{"line":51,"column":null}},"16":{"start":{"line":36,"column":8},"end":{"line":38,"column":null}},"17":{"start":{"line":37,"column":12},"end":{"line":37,"column":null}},"18":{"start":{"line":40,"column":41},"end":{"line":44,"column":null}},"19":{"start":{"line":46,"column":8},"end":{"line":48,"column":null}},"20":{"start":{"line":47,"column":12},"end":{"line":47,"column":null}},"21":{"start":{"line":50,"column":8},"end":{"line":50,"column":null}}},"fnMap":{"0":{"name":"(anonymous_0)","decl":{"start":{"line":8,"column":28},"end":{"line":8,"column":35}},"loc":{"start":{"line":8,"column":91},"end":{"line":32,"column":null}},"line":8},"1":{"name":"(anonymous_1)","decl":{"start":{"line":34,"column":25},"end":{"line":34,"column":26}},"loc":{"start":{"line":34,"column":46},"end":{"line":52,"column":null}},"line":34},"2":{"name":"(anonymous_2)","decl":{"start":{"line":35,"column":11},"end":{"line":35,"column":18}},"loc":{"start":{"line":35,"column":74},"end":{"line":51,"column":null}},"line":35}},"branchMap":{"0":{"loc":{"start":{"line":11,"column":4},"end":{"line":13,"column":null}},"type":"if","locations":[{"start":{"line":11,"column":4},"end":{"line":13,"column":null}},{"start":{},"end":{}}],"line":11},"1":{"loc":{"start":{"line":16,"column":4},"end":{"line":18,"column":null}},"type":"if","locations":[{"start":{"line":16,"column":4},"end":{"line":18,"column":null}},{"start":{},"end":{}}],"line":16},"2":{"loc":{"start":{"line":23,"column":8},"end":{"line":25,"column":null}},"type":"if","locations":[{"start":{"line":23,"column":8},"end":{"line":25,"column":null}},{"start":{},"end":{}}],"line":23},"3":{"loc":{"start":{"line":23,"column":12},"end":{"line":23,"column":28}},"type":"binary-expr","locations":[{"start":{"line":23,"column":12},"end":{"line":23,"column":21}},{"start":{"line":23,"column":21},"end":{"line":23,"column":28}}],"line":23},"4":{"loc":{"start":{"line":36,"column":8},"end":{"line":38,"column":null}},"type":"if","locations":[{"start":{"line":36,"column":8},"end":{"line":38,"column":null}},{"start":{},"end":{}}],"line":36},"5":{"loc":{"start":{"line":46,"column":8},"end":{"line":48,"column":null}},"type":"if","locations":[{"start":{"line":46,"column":8},"end":{"line":48,"column":null}},{"start":{},"end":{}}],"line":46},"6":{"loc":{"start":{"line":46,"column":12},"end":{"line":46,"column":64}},"type":"binary-expr","locations":[{"start":{"line":46,"column":12},"end":{"line":46,"column":21}},{"start":{"line":46,"column":21},"end":{"line":46,"column":33}},{"start":{"line":46,"column":33},"end":{"line":46,"column":64}}],"line":46}},"s":{"0":3,"1":2,"2":2,"3":1,"4":1,"5":1,"6":0,"7":1,"8":1,"9":1,"10":1,"11":0,"12":0,"13":0,"14":3,"15":1,"16":1,"17":0,"18":1,"19":1,"20":1,"21":0},"f":{"0":2,"1":1,"2":1},"b":{"0":[1,1],"1":[0,1],"2":[1,0],"3":[1,0],"4":[0,1],"5":[1,0],"6":[1,1,1]},"meta":{"lastBranch":7,"lastFunction":3,"lastStatement":22,"seen":{"s:8:28:32:Infinity":0,"f:8:28:8:35":0,"s:9:23:9:Infinity":1,"b:11:4:13:Infinity:undefined:undefined:undefined:undefined":0,"s:11:4:13:Infinity":2,"s:12:8:12:Infinity":3,"s:15:18:15:Infinity":4,"b:16:4:18:Infinity:undefined:undefined:undefined:undefined":1,"s:16:4:18:Infinity":5,"s:17:8:17:Infinity":6,"s:20:4:31:Infinity":7,"s:21:42:21:Infinity":8,"b:23:8:25:Infinity:undefined:undefined:undefined:undefined":2,"s:23:8:25:Infinity":9,"b:23:12:23:21:23:21:23:28":3,"s:24:12:24:Infinity":10,"s:27:8:27:Infinity":11,"s:28:8:28:Infinity":12,"s:30:8:30:Infinity":13,"s:34:25:52:Infinity":14,"f:34:25:34:26":1,"s:35:4:51:Infinity":15,"f:35:11:35:18":2,"b:36:8:38:Infinity:undefined:undefined:undefined:undefined":4,"s:36:8:38:Infinity":16,"s:37:12:37:Infinity":17,"s:40:41:44:Infinity":18,"b:46:8:48:Infinity:undefined:undefined:undefined:undefined":5,"s:46:8:48:Infinity":19,"b:46:12:46:21:46:21:46:33:46:33:46:64":6,"s:47:12:47:Infinity":20,"s:50:8:50:Infinity":21}}}
,"C:\\Users\\tomas\\OneDrive\\Escritorio\\Universidad\\ing, software 2\\backend\\src\\routes\\authRoutes.ts": {"path":"C:\\Users\\tomas\\OneDrive\\Escritorio\\Universidad\\ing, software 2\\backend\\src\\routes\\authRoutes.ts","statementMap":{"0":{"start":{"line":5,"column":6},"end":{"line":5,"column":null}},"1":{"start":{"line":7,"column":0},"end":{"line":7,"column":null}},"2":{"start":{"line":8,"column":0},"end":{"line":8,"column":null}},"3":{"start":{"line":9,"column":0},"end":{"line":9,"column":null}}},"fnMap":{},"branchMap":{},"s":{"0":3,"1":3,"2":3,"3":3},"f":{},"b":{},"meta":{"lastBranch":0,"lastFunction":0,"lastStatement":4,"seen":{"s:5:6:5:Infinity":0,"s:7:0:7:Infinity":1,"s:8:0:8:Infinity":2,"s:9:0:9:Infinity":3}}}
,"C:\\Users\\tomas\\OneDrive\\Escritorio\\Universidad\\ing, software 2\\backend\\src\\routes\\reservationRoutes.ts": {"path":"C:\\Users\\tomas\\OneDrive\\Escritorio\\Universidad\\ing, software 2\\backend\\src\\routes\\reservationRoutes.ts","statementMap":{"0":{"start":{"line":5,"column":6},"end":{"line":5,"column":null}},"1":{"start":{"line":7,"column":0},"end":{"line":7,"column":null}},"2":{"start":{"line":9,"column":0},"end":{"line":9,"column":null}},"3":{"start":{"line":10,"column":0},"end":{"line":10,"column":null}},"4":{"start":{"line":11,"column":0},"end":{"line":11,"column":null}}},"fnMap":{},"branchMap":{},"s":{"0":3,"1":3,"2":3,"3":3,"4":3},"f":{},"b":{},"meta":{"lastBranch":0,"lastFunction":0,"lastStatement":5,"seen":{"s:5:6:5:Infinity":0,"s:7:0:7:Infinity":1,"s:9:0:9:Infinity":2,"s:10:0:10:Infinity":3,"s:11:0:11:Infinity":4}}}
,"C:\\Users\\tomas\\OneDrive\\Escritorio\\Universidad\\ing, software 2\\backend\\src\\routes\\roomRoutes.ts": {"path":"C:\\Users\\tomas\\OneDrive\\Escritorio\\Universidad\\ing, software 2\\backend\\src\\routes\\roomRoutes.ts","statementMap":{"0":{"start":{"line":4,"column":6},"end":{"line":4,"column":null}},"1":{"start":{"line":6,"column":0},"end":{"line":6,"column":null}},"2":{"start":{"line":7,"column":0},"end":{"line":7,"column":null}}},"fnMap":{},"branchMap":{},"s":{"0":3,"1":3,"2":3},"f":{},"b":{},"meta":{"lastBranch":0,"lastFunction":0,"lastStatement":3,"seen":{"s:4:6:4:Infinity":0,"s:6:0:6:Infinity":1,"s:7:0:7:Infinity":2}}}
,"C:\\Users\\tomas\\OneDrive\\Escritorio\\Universidad\\ing, software 2\\backend\\src\\utils\\supabaseClient.ts": {"path":"C:\\Users\\tomas\\OneDrive\\Escritorio\\Universidad\\ing, software 2\\backend\\src\\utils\\supabaseClient.ts","statementMap":{"0":{"start":{"line":4,"column":0},"end":{"line":4,"column":null}},"1":{"start":{"line":6,"column":20},"end":{"line":6,"column":null}},"2":{"start":{"line":7,"column":27},"end":{"line":7,"column":null}},"3":{"start":{"line":9,"column":0},"end":{"line":11,"column":null}},"4":{"start":{"line":10,"column":4},"end":{"line":10,"column":null}},"5":{"start":{"line":13,"column":13},"end":{"line":13,"column":null}}},"fnMap":{},"branchMap":{"0":{"loc":{"start":{"line":6,"column":20},"end":{"line":6,"column":null}},"type":"binary-expr","locations":[{"start":{"line":6,"column":20},"end":{"line":6,"column":48}},{"start":{"line":6,"column":48},"end":{"line":6,"column":null}}],"line":6},"1":{"loc":{"start":{"line":7,"column":27},"end":{"line":7,"column":null}},"type":"binary-expr","locations":[{"start":{"line":7,"column":27},"end":{"line":7,"column":68}},{"start":{"line":7,"column":68},"end":{"line":7,"column":null}}],"line":7},"2":{"loc":{"start":{"line":9,"column":0},"end":{"line":11,"column":null}},"type":"if","locations":[{"start":{"line":9,"column":0},"end":{"line":11,"column":null}},{"start":{},"end":{}}],"line":9},"3":{"loc":{"start":{"line":9,"column":4},"end":{"line":9,"column":41}},"type":"binary-expr","locations":[{"start":{"line":9,"column":4},"end":{"line":9,"column":20}},{"start":{"line":9,"column":20},"end":{"line":9,"column":41}}],"line":9}},"s":{"0":4,"1":4,"2":4,"3":4,"4":0,"5":4},"f":{},"b":{"0":[4,0],"1":[4,0],"2":[0,4],"3":[4,4]},"meta":{"lastBranch":4,"lastFunction":0,"lastStatement":6,"seen":{"s:4:0:4:Infinity":0,"s:6:20:6:Infinity":1,"b:6:20:6:48:6:48:6:Infinity":0,"s:7:27:7:Infinity":2,"b:7:27:7:68:7:68:7:Infinity":1,"b:9:0:11:Infinity:undefined:undefined:undefined:undefined":2,"s:9:0:11:Infinity":3,"b:9:4:9:20:9:20:9:41":3,"s:10:4:10:Infinity":4,"s:13:13:13:Infinity":5}}}
}
